skl-144
skl-145
skl-146
skl-143
JobId=30833481 JobName=Exc2.3
   UserId=abdolla4(6008393) GroupId=ceeng(2013) MCS_label=N/A
   Priority=481 Nice=0 Account=general QOS=abdolla4
   JobState=RUNNING Reason=None Dependency=(null)
   Requeue=1 Restarts=0 BatchFlag=1 Reboot=0 ExitCode=0:0
   RunTime=00:00:20 TimeLimit=00:10:00 TimeMin=N/A
   SubmitTime=2024-02-02T16:30:53 EligibleTime=2024-02-02T16:30:53
   AccrueTime=2024-02-02T16:30:53
   StartTime=2024-02-02T16:31:54 EndTime=2024-02-02T16:41:54 Deadline=N/A
   SuspendTime=None SecsPreSuspend=0 LastSchedEval=2024-02-02T16:31:54 Scheduler=Backfill
   Partition=general-long-bigmem AllocNode:Sid=lac-209:15273
   ReqNodeList=(null) ExcNodeList=(null)
   NodeList=skl-[143-146]
   BatchHost=skl-143
   NumNodes=4 NumCPUs=4 NumTasks=4 CPUs/Task=1 ReqB:S:C:T=0:0:*:*
   ReqTRES=cpu=4,mem=4G,node=4,billing=622
   AllocTRES=cpu=4,mem=4G,node=4,billing=622
   Socks/Node=* NtasksPerN:B:S:C=1:0:*:* CoreSpec=*
   MinCPUsNode=1 MinMemoryCPU=1G MinTmpDiskNode=0
   Features=[intel14|intel16|intel18|(amr|acm)|nvf|nal|nif] DelayBoot=00:00:00
   OverSubscribe=OK Contiguous=0 Licenses=(null) Network=(null)
   Command=/mnt/ufs18/home-033/abdolla4/CMSE822/Projects/project-2-pi-by-mpi-team-2/Exercise3.sb
   WorkDir=/mnt/ufs18/home-033/abdolla4/CMSE822/Projects/project-2-pi-by-mpi-team-2
   Comment=stdout=/mnt/ufs18/home-033/abdolla4/CMSE822/Projects/project-2-pi-by-mpi-team-2/slurm-30833481.out 
   StdErr=/mnt/ufs18/home-033/abdolla4/CMSE822/Projects/project-2-pi-by-mpi-team-2/slurm-30833481.out
   StdIn=/dev/null
   StdOut=/mnt/ufs18/home-033/abdolla4/CMSE822/Projects/project-2-pi-by-mpi-team-2/slurm-30833481.out
   Power=
   

